2025-02-20 13:09:06 - HV000001: Hibernate Validator 8.0.1.Final
2025-02-20 13:09:06 - Starting tms using Java 21.0.1 with PID 11784 (C:\Anant\skbit projects\tms\target\classes started by anant in C:\Anant\skbit projects\tms)
2025-02-20 13:09:06 - The following 1 profile is active: "dev"
2025-02-20 13:09:06 - Devtools property defaults active! Set 'spring.devtools.add-properties' to 'false' to disable
2025-02-20 13:09:06 - For additional web related logging consider setting the 'logging.level.web' property to 'DEBUG'
2025-02-20 13:09:11 - Bootstrapping Spring Data JPA repositories in DEFAULT mode.
2025-02-20 13:09:11 - Finished Spring Data repository scanning in 311 ms. Found 22 JPA repository interfaces.
2025-02-20 13:09:13 - Tomcat initialized with port 8282 (http)
2025-02-20 13:09:13 - Initializing ProtocolHandler ["http-nio-8282"]
2025-02-20 13:09:13 - Starting service [Tomcat]
2025-02-20 13:09:13 - Starting Servlet engine: [Apache Tomcat/10.1.26]
2025-02-20 13:09:13 - Initializing Spring embedded WebApplicationContext
2025-02-20 13:09:13 - Root WebApplicationContext: initialization completed in 6851 ms
2025-02-20 13:09:14 - HHH000204: Processing PersistenceUnitInfo [name: default]
2025-02-20 13:09:14 - HHH000412: Hibernate ORM core version 6.5.2.Final
2025-02-20 13:09:14 - HHH000026: Second-level cache disabled
2025-02-20 13:09:15 - No LoadTimeWeaver setup: ignoring JPA class transformer
2025-02-20 13:09:15 - HikariPool-1 - Starting...
2025-02-20 13:09:16 - HikariPool-1 - Added connection com.mysql.cj.jdbc.ConnectionImpl@3e3e302e
2025-02-20 13:09:16 - HikariPool-1 - Start completed.
2025-02-20 13:09:16 - HHH90000025: MySQLDialect does not need to be specified explicitly using 'hibernate.dialect' (remove the property setting and it will be selected by default)
2025-02-20 13:09:20 - HHH000489: No JTA platform available (set 'hibernate.transaction.jta.platform' to enable JTA platform integration)
2025-02-20 13:09:21 - Initialized JPA EntityManagerFactory for persistence unit 'default'
2025-02-20 13:09:22 - Hibernate is in classpath; If applicable, HQL parser will be used.
2025-02-20 13:09:23 - Global AuthenticationManager configured with UserDetailsService bean with name userDetailService
2025-02-20 13:09:24 - spring.jpa.open-in-view is enabled by default. Therefore, database queries may be performed during view rendering. Explicitly configure spring.jpa.open-in-view to disable this warning
2025-02-20 13:09:26 - LiveReload server is running on port 35729
2025-02-20 13:09:26 - Starting ProtocolHandler ["http-nio-8282"]
2025-02-20 13:09:26 - Tomcat started on port 8282 (http) with context path '/'
2025-02-20 13:09:26 - Started tms in 21.68 seconds (process running for 47.557)
