2025-03-12 15:21:41 - HV000001: Hibernate Validator 8.0.1.Final
2025-03-12 15:21:41 - Starting tms using Java 21.0.1 with PID 4884 (C:\Anant\skbit projects\tms\target\classes started by anant in C:\Anant\skbit projects\tms)
2025-03-12 15:21:41 - The following 1 profile is active: "dev"
2025-03-12 15:21:41 - Devtools property defaults active! Set 'spring.devtools.add-properties' to 'false' to disable
2025-03-12 15:21:41 - For additional web related logging consider setting the 'logging.level.web' property to 'DEBUG'
2025-03-12 15:21:45 - Bootstrapping Spring Data JPA repositories in DEFAULT mode.
2025-03-12 15:21:45 - Finished Spring Data repository scanning in 172 ms. Found 22 JPA repository interfaces.
2025-03-12 15:21:46 - Tomcat initialized with port 8282 (http)
2025-03-12 15:21:46 - Initializing ProtocolHandler ["http-nio-8282"]
2025-03-12 15:21:46 - Starting service [Tomcat]
2025-03-12 15:21:46 - Starting Servlet engine: [Apache Tomcat/10.1.26]
2025-03-12 15:21:46 - Initializing Spring embedded WebApplicationContext
2025-03-12 15:21:46 - Root WebApplicationContext: initialization completed in 4677 ms
2025-03-12 15:21:46 - HHH000204: Processing PersistenceUnitInfo [name: default]
2025-03-12 15:21:47 - HHH000412: Hibernate ORM core version 6.5.2.Final
2025-03-12 15:21:47 - HHH000026: Second-level cache disabled
2025-03-12 15:21:47 - No LoadTimeWeaver setup: ignoring JPA class transformer
2025-03-12 15:21:47 - HikariPool-1 - Starting...
2025-03-12 15:21:48 - HikariPool-1 - Added connection com.mysql.cj.jdbc.ConnectionImpl@6a157325
2025-03-12 15:21:48 - HikariPool-1 - Start completed.
2025-03-12 15:21:48 - HHH90000025: MySQLDialect does not need to be specified explicitly using 'hibernate.dialect' (remove the property setting and it will be selected by default)
2025-03-12 15:21:50 - HHH000489: No JTA platform available (set 'hibernate.transaction.jta.platform' to enable JTA platform integration)
2025-03-12 15:21:50 - Initialized JPA EntityManagerFactory for persistence unit 'default'
2025-03-12 15:21:50 - Hibernate is in classpath; If applicable, HQL parser will be used.
2025-03-12 15:21:51 - Global AuthenticationManager configured with UserDetailsService bean with name userDetailService
2025-03-12 15:21:52 - spring.jpa.open-in-view is enabled by default. Therefore, database queries may be performed during view rendering. Explicitly configure spring.jpa.open-in-view to disable this warning
2025-03-12 15:21:52 - LiveReload server is running on port 35729
2025-03-12 15:21:53 - Starting ProtocolHandler ["http-nio-8282"]
2025-03-12 15:21:53 - Tomcat started on port 8282 (http) with context path '/'
2025-03-12 15:21:53 - Started tms in 12.031 seconds (process running for 12.921)
2025-03-12 15:22:45 - Initializing Spring DispatcherServlet 'dispatcherServlet'
2025-03-12 15:22:45 - Initializing Servlet 'dispatcherServlet'
2025-03-12 15:22:45 - Completed initialization in 27 ms
2025-03-12 15:22:45 - Invalid Header Value !! 
2025-03-12 15:22:46 - Login user: JwtRequest(name=transport@smexpresslogistics.com, password=tRANSPORT@123)
2025-03-12 15:22:56 - Invalid Header Value !! 
2025-03-12 15:22:56 - Login user: JwtRequest(name=transport@smexpresslogistics.com, password=Transport@123)
2025-03-12 16:37:35 - HikariPool-1 - Thread starvation or clock leap detected (housekeeper delta=1m44s821ms646µs300ns).
2025-03-12 16:51:51 - HikariPool-1 - Thread starvation or clock leap detected (housekeeper delta=3m46s167ms726µs900ns).
2025-03-12 17:32:01 - HikariPool-1 - Thread starvation or clock leap detected (housekeeper delta=4m40s99ms529µs).
2025-03-12 17:42:58 - HV000001: Hibernate Validator 8.0.1.Final
2025-03-12 17:42:59 - Starting tms using Java 21.0.1 with PID 11304 (C:\Anant\skbit projects\tms\target\classes started by anant in C:\Anant\skbit projects\tms)
2025-03-12 17:42:59 - The following 1 profile is active: "dev"
2025-03-12 17:42:59 - Devtools property defaults active! Set 'spring.devtools.add-properties' to 'false' to disable
2025-03-12 17:42:59 - For additional web related logging consider setting the 'logging.level.web' property to 'DEBUG'
2025-03-12 17:43:02 - Bootstrapping Spring Data JPA repositories in DEFAULT mode.
2025-03-12 17:43:02 - Finished Spring Data repository scanning in 247 ms. Found 22 JPA repository interfaces.
2025-03-12 17:43:04 - Tomcat initialized with port 8282 (http)
2025-03-12 17:43:04 - Initializing ProtocolHandler ["http-nio-8282"]
2025-03-12 17:43:04 - Starting service [Tomcat]
2025-03-12 17:43:04 - Starting Servlet engine: [Apache Tomcat/10.1.26]
2025-03-12 17:43:04 - Initializing Spring embedded WebApplicationContext
2025-03-12 17:43:04 - Root WebApplicationContext: initialization completed in 5677 ms
2025-03-12 17:43:05 - HHH000204: Processing PersistenceUnitInfo [name: default]
2025-03-12 17:43:05 - HHH000412: Hibernate ORM core version 6.5.2.Final
2025-03-12 17:43:05 - HHH000026: Second-level cache disabled
2025-03-12 17:43:06 - No LoadTimeWeaver setup: ignoring JPA class transformer
2025-03-12 17:43:06 - HikariPool-1 - Starting...
2025-03-12 17:43:07 - HikariPool-1 - Added connection com.mysql.cj.jdbc.ConnectionImpl@1d199779
2025-03-12 17:43:07 - HikariPool-1 - Start completed.
2025-03-12 17:43:07 - HHH90000025: MySQLDialect does not need to be specified explicitly using 'hibernate.dialect' (remove the property setting and it will be selected by default)
2025-03-12 17:43:10 - HHH000489: No JTA platform available (set 'hibernate.transaction.jta.platform' to enable JTA platform integration)
2025-03-12 17:43:10 - Initialized JPA EntityManagerFactory for persistence unit 'default'
2025-03-12 17:43:11 - Hibernate is in classpath; If applicable, HQL parser will be used.
2025-03-12 17:43:12 - Global AuthenticationManager configured with UserDetailsService bean with name userDetailService
2025-03-12 17:43:13 - spring.jpa.open-in-view is enabled by default. Therefore, database queries may be performed during view rendering. Explicitly configure spring.jpa.open-in-view to disable this warning
2025-03-12 17:43:14 - LiveReload server is running on port 35729
2025-03-12 17:43:14 - Starting ProtocolHandler ["http-nio-8282"]
2025-03-12 17:43:14 - Tomcat started on port 8282 (http) with context path '/'
2025-03-12 17:43:14 - Started tms in 17.027 seconds (process running for 18.136)
2025-03-12 20:54:50 - HikariPool-1 - Thread starvation or clock leap detected (housekeeper delta=2h7m43s668ms128µs99ns).
