2025-03-03 10:47:42 - HV000001: Hibernate Validator 8.0.1.Final
2025-03-03 10:47:42 - Starting tms using Java 21.0.1 with PID 15120 (C:\Anant\skbit projects\tms\target\classes started by anant in C:\Anant\skbit projects\tms)
2025-03-03 10:47:42 - The following 1 profile is active: "dev"
2025-03-03 10:47:42 - Devtools property defaults active! Set 'spring.devtools.add-properties' to 'false' to disable
2025-03-03 10:47:42 - For additional web related logging consider setting the 'logging.level.web' property to 'DEBUG'
2025-03-03 10:47:45 - Bootstrapping Spring Data JPA repositories in DEFAULT mode.
2025-03-03 10:47:46 - Finished Spring Data repository scanning in 274 ms. Found 22 JPA repository interfaces.
2025-03-03 10:47:48 - Tomcat initialized with port 8282 (http)
2025-03-03 10:47:48 - Initializing ProtocolHandler ["http-nio-8282"]
2025-03-03 10:47:48 - Starting service [Tomcat]
2025-03-03 10:47:48 - Starting Servlet engine: [Apache Tomcat/10.1.26]
2025-03-03 10:47:48 - Initializing Spring embedded WebApplicationContext
2025-03-03 10:47:48 - Root WebApplicationContext: initialization completed in 5893 ms
2025-03-03 10:47:48 - HHH000204: Processing PersistenceUnitInfo [name: default]
2025-03-03 10:47:48 - HHH000412: Hibernate ORM core version 6.5.2.Final
2025-03-03 10:47:48 - HHH000026: Second-level cache disabled
2025-03-03 10:47:49 - No LoadTimeWeaver setup: ignoring JPA class transformer
2025-03-03 10:47:49 - HikariPool-1 - Starting...
2025-03-03 10:47:50 - HikariPool-1 - Added connection com.mysql.cj.jdbc.ConnectionImpl@65f0005e
2025-03-03 10:47:50 - HikariPool-1 - Start completed.
2025-03-03 10:47:50 - HHH90000025: MySQLDialect does not need to be specified explicitly using 'hibernate.dialect' (remove the property setting and it will be selected by default)
2025-03-03 10:47:53 - HHH000489: No JTA platform available (set 'hibernate.transaction.jta.platform' to enable JTA platform integration)
2025-03-03 10:47:54 - Initialized JPA EntityManagerFactory for persistence unit 'default'
2025-03-03 10:47:55 - Hibernate is in classpath; If applicable, HQL parser will be used.
2025-03-03 10:47:56 - Global AuthenticationManager configured with UserDetailsService bean with name userDetailService
2025-03-03 10:47:57 - spring.jpa.open-in-view is enabled by default. Therefore, database queries may be performed during view rendering. Explicitly configure spring.jpa.open-in-view to disable this warning
2025-03-03 10:47:58 - LiveReload server is running on port 35729
2025-03-03 10:47:58 - Starting ProtocolHandler ["http-nio-8282"]
2025-03-03 10:47:58 - Tomcat started on port 8282 (http) with context path '/'
2025-03-03 10:47:58 - Started tms in 17.826 seconds (process running for 44.454)
2025-03-03 17:13:49 - HV000001: Hibernate Validator 8.0.1.Final
2025-03-03 17:13:49 - Starting tms using Java 21.0.1 with PID 720 (C:\Anant\skbit projects\tms\target\classes started by anant in C:\Anant\skbit projects\tms)
2025-03-03 17:13:49 - The following 1 profile is active: "dev"
2025-03-03 17:13:49 - Devtools property defaults active! Set 'spring.devtools.add-properties' to 'false' to disable
2025-03-03 17:13:49 - For additional web related logging consider setting the 'logging.level.web' property to 'DEBUG'
2025-03-03 17:13:51 - Bootstrapping Spring Data JPA repositories in DEFAULT mode.
2025-03-03 17:13:51 - Finished Spring Data repository scanning in 156 ms. Found 22 JPA repository interfaces.
2025-03-03 17:13:52 - Tomcat initialized with port 8282 (http)
2025-03-03 17:13:52 - Initializing ProtocolHandler ["http-nio-8282"]
2025-03-03 17:13:52 - Starting service [Tomcat]
2025-03-03 17:13:52 - Starting Servlet engine: [Apache Tomcat/10.1.26]
2025-03-03 17:13:52 - Initializing Spring embedded WebApplicationContext
2025-03-03 17:13:52 - Root WebApplicationContext: initialization completed in 2826 ms
2025-03-03 17:13:52 - HHH000204: Processing PersistenceUnitInfo [name: default]
2025-03-03 17:13:53 - HHH000412: Hibernate ORM core version 6.5.2.Final
2025-03-03 17:13:53 - HHH000026: Second-level cache disabled
2025-03-03 17:13:53 - No LoadTimeWeaver setup: ignoring JPA class transformer
2025-03-03 17:13:53 - HikariPool-1 - Starting...
2025-03-03 17:13:53 - HikariPool-1 - Added connection com.mysql.cj.jdbc.ConnectionImpl@2c3b0707
2025-03-03 17:13:53 - HikariPool-1 - Start completed.
2025-03-03 17:13:53 - HHH90000025: MySQLDialect does not need to be specified explicitly using 'hibernate.dialect' (remove the property setting and it will be selected by default)
2025-03-03 17:13:55 - HHH000489: No JTA platform available (set 'hibernate.transaction.jta.platform' to enable JTA platform integration)
2025-03-03 17:13:55 - Initialized JPA EntityManagerFactory for persistence unit 'default'
2025-03-03 17:13:56 - Hibernate is in classpath; If applicable, HQL parser will be used.
2025-03-03 17:13:56 - Global AuthenticationManager configured with UserDetailsService bean with name userDetailService
2025-03-03 17:13:57 - spring.jpa.open-in-view is enabled by default. Therefore, database queries may be performed during view rendering. Explicitly configure spring.jpa.open-in-view to disable this warning
2025-03-03 17:13:58 - LiveReload server is running on port 35729
2025-03-03 17:13:58 - Starting ProtocolHandler ["http-nio-8282"]
2025-03-03 17:13:58 - Tomcat started on port 8282 (http) with context path '/'
2025-03-03 17:13:58 - Started tms in 9.285 seconds (process running for 15.052)
2025-03-03 17:17:11 - Restarting due to 2 class path changes (0 additions, 0 deletions, 2 modifications)
2025-03-03 17:17:11 - Stopping ProtocolHandler ["http-nio-8282"]
2025-03-03 17:17:11 - Closing JPA EntityManagerFactory for persistence unit 'default'
2025-03-03 17:17:11 - HikariPool-1 - Shutdown initiated...
2025-03-03 17:17:11 - HikariPool-1 - Shutdown completed.
2025-03-03 17:17:11 - Starting tms using Java 21.0.1 with PID 720 (C:\Anant\skbit projects\tms\target\classes started by anant in C:\Anant\skbit projects\tms)
2025-03-03 17:17:11 - The following 1 profile is active: "prod"
2025-03-03 17:17:11 - Bootstrapping Spring Data JPA repositories in DEFAULT mode.
2025-03-03 17:17:11 - Finished Spring Data repository scanning in 118 ms. Found 22 JPA repository interfaces.
2025-03-03 17:17:12 - Tomcat initialized with port 8080 (http)
2025-03-03 17:17:12 - Initializing ProtocolHandler ["http-nio-8080"]
2025-03-03 17:17:12 - Starting service [Tomcat]
2025-03-03 17:17:12 - Starting Servlet engine: [Apache Tomcat/10.1.26]
2025-03-03 17:17:12 - Initializing Spring embedded WebApplicationContext
2025-03-03 17:17:12 - Root WebApplicationContext: initialization completed in 871 ms
2025-03-03 17:17:12 - HHH000204: Processing PersistenceUnitInfo [name: default]
2025-03-03 17:17:12 - HHH000026: Second-level cache disabled
2025-03-03 17:17:12 - No LoadTimeWeaver setup: ignoring JPA class transformer
2025-03-03 17:17:12 - HikariPool-2 - Starting...
2025-03-03 17:17:13 - HikariPool-2 - Added connection com.mysql.cj.jdbc.ConnectionImpl@7fea0771
2025-03-03 17:17:13 - HikariPool-2 - Start completed.
2025-03-03 17:17:13 - HHH000511: The 5.5.5 version for [org.hibernate.dialect.MySQLDialect] is no longer supported, hence certain features may not work properly. The minimum supported version is 8.0.0. Check the community dialects project for available legacy versions.
2025-03-03 17:17:13 - HHH90000025: MySQLDialect does not need to be specified explicitly using 'hibernate.dialect' (remove the property setting and it will be selected by default)
2025-03-03 17:17:14 - HHH000489: No JTA platform available (set 'hibernate.transaction.jta.platform' to enable JTA platform integration)
2025-03-03 17:17:29 - Initialized JPA EntityManagerFactory for persistence unit 'default'
2025-03-03 17:17:29 - Global AuthenticationManager configured with UserDetailsService bean with name userDetailService
2025-03-03 17:17:29 - spring.jpa.open-in-view is enabled by default. Therefore, database queries may be performed during view rendering. Explicitly configure spring.jpa.open-in-view to disable this warning
2025-03-03 17:17:30 - LiveReload server is running on port 35729
2025-03-03 17:17:30 - Starting ProtocolHandler ["http-nio-8080"]
2025-03-03 17:17:30 - Tomcat started on port 8080 (http) with context path '/'
2025-03-03 17:17:30 - Started tms in 18.749 seconds (process running for 226.622)
2025-03-03 17:17:30 - Condition evaluation unchanged
2025-03-03 17:17:31 - Restarting due to 4 class path changes (0 additions, 0 deletions, 4 modifications)
2025-03-03 17:17:31 - Stopping ProtocolHandler ["http-nio-8080"]
2025-03-03 17:17:31 - Closing JPA EntityManagerFactory for persistence unit 'default'
2025-03-03 17:17:31 - HikariPool-2 - Shutdown initiated...
2025-03-03 17:17:32 - HikariPool-2 - Shutdown completed.
2025-03-03 17:17:32 - Starting tms using Java 21.0.1 with PID 720 (C:\Anant\skbit projects\tms\target\classes started by anant in C:\Anant\skbit projects\tms)
2025-03-03 17:17:32 - The following 1 profile is active: "dev"
2025-03-03 17:17:32 - Bootstrapping Spring Data JPA repositories in DEFAULT mode.
2025-03-03 17:17:33 - Finished Spring Data repository scanning in 81 ms. Found 22 JPA repository interfaces.
2025-03-03 17:17:33 - Tomcat initialized with port 8282 (http)
2025-03-03 17:17:33 - Initializing ProtocolHandler ["http-nio-8282"]
2025-03-03 17:17:33 - Starting service [Tomcat]
2025-03-03 17:17:33 - Starting Servlet engine: [Apache Tomcat/10.1.26]
2025-03-03 17:17:33 - Initializing Spring embedded WebApplicationContext
2025-03-03 17:17:33 - Root WebApplicationContext: initialization completed in 564 ms
2025-03-03 17:17:33 - HHH000204: Processing PersistenceUnitInfo [name: default]
2025-03-03 17:17:33 - HHH000026: Second-level cache disabled
2025-03-03 17:17:33 - No LoadTimeWeaver setup: ignoring JPA class transformer
2025-03-03 17:17:33 - HikariPool-3 - Starting...
2025-03-03 17:17:33 - HikariPool-3 - Added connection com.mysql.cj.jdbc.ConnectionImpl@4d02aa90
2025-03-03 17:17:33 - HikariPool-3 - Start completed.
2025-03-03 17:17:33 - HHH90000025: MySQLDialect does not need to be specified explicitly using 'hibernate.dialect' (remove the property setting and it will be selected by default)
2025-03-03 17:17:33 - HHH000489: No JTA platform available (set 'hibernate.transaction.jta.platform' to enable JTA platform integration)
2025-03-03 17:17:33 - Initialized JPA EntityManagerFactory for persistence unit 'default'
2025-03-03 17:17:33 - Global AuthenticationManager configured with UserDetailsService bean with name userDetailService
2025-03-03 17:17:34 - spring.jpa.open-in-view is enabled by default. Therefore, database queries may be performed during view rendering. Explicitly configure spring.jpa.open-in-view to disable this warning
2025-03-03 17:17:34 - LiveReload server is running on port 35729
2025-03-03 17:17:34 - Starting ProtocolHandler ["http-nio-8282"]
2025-03-03 17:17:34 - Tomcat started on port 8282 (http) with context path '/'
2025-03-03 17:17:34 - Started tms in 1.762 seconds (process running for 230.903)
2025-03-03 17:17:34 - Condition evaluation unchanged
2025-03-03 17:18:49 - Initializing Spring DispatcherServlet 'dispatcherServlet'
2025-03-03 17:18:49 - Initializing Servlet 'dispatcherServlet'
2025-03-03 17:18:49 - Completed initialization in 2 ms
2025-03-03 17:18:49 - Invalid Header Value !! 
2025-03-03 17:18:49 - Login user: JwtRequest(name=transport@smexpresslogistics.com, password=Transport@123)
2025-03-03 17:24:16 - Invalid Header Value !! 
2025-03-03 17:24:16 - Login user: JwtRequest(name=transport@smexpresslogistics.com, password=Transport@123])
2025-03-03 17:24:17 - Invalid Header Value !! 
2025-03-03 17:24:17 - Login user: JwtRequest(name=transport@smexpresslogistics.com, password=Transport@123)
2025-03-03 17:55:10 - Invalid Header Value !! 
2025-03-03 17:55:10 - Login user: JwtRequest(name=transport@smexpresslogistics.com, password=Transport@123)
