2025-03-05 12:54:27 - HV000001: Hibernate Validator 8.0.1.Final
2025-03-05 12:54:27 - Starting tms using Java 21.0.1 with PID 9684 (C:\Anant\skbit projects\tms\target\classes started by anant in C:\Anant\skbit projects\tms)
2025-03-05 12:54:27 - The following 1 profile is active: "dev"
2025-03-05 12:54:27 - Devtools property defaults active! Set 'spring.devtools.add-properties' to 'false' to disable
2025-03-05 12:54:27 - For additional web related logging consider setting the 'logging.level.web' property to 'DEBUG'
2025-03-05 12:54:32 - Bootstrapping Spring Data JPA repositories in DEFAULT mode.
2025-03-05 12:54:33 - Finished Spring Data repository scanning in 311 ms. Found 22 JPA repository interfaces.
2025-03-05 12:54:34 - Tomcat initialized with port 8282 (http)
2025-03-05 12:54:34 - Initializing ProtocolHandler ["http-nio-8282"]
2025-03-05 12:54:34 - Starting service [Tomcat]
2025-03-05 12:54:34 - Starting Servlet engine: [Apache Tomcat/10.1.26]
2025-03-05 12:54:35 - Initializing Spring embedded WebApplicationContext
2025-03-05 12:54:35 - Root WebApplicationContext: initialization completed in 7782 ms
2025-03-05 12:54:35 - HHH000204: Processing PersistenceUnitInfo [name: default]
2025-03-05 12:54:35 - HHH000412: Hibernate ORM core version 6.5.2.Final
2025-03-05 12:54:35 - HHH000026: Second-level cache disabled
2025-03-05 12:54:36 - No LoadTimeWeaver setup: ignoring JPA class transformer
2025-03-05 12:54:36 - HikariPool-1 - Starting...
2025-03-05 12:54:37 - HikariPool-1 - Added connection com.mysql.cj.jdbc.ConnectionImpl@4b14e653
2025-03-05 12:54:37 - HikariPool-1 - Start completed.
2025-03-05 12:54:37 - HHH90000025: MySQLDialect does not need to be specified explicitly using 'hibernate.dialect' (remove the property setting and it will be selected by default)
2025-03-05 12:54:41 - HHH000489: No JTA platform available (set 'hibernate.transaction.jta.platform' to enable JTA platform integration)
2025-03-05 12:54:41 - Initialized JPA EntityManagerFactory for persistence unit 'default'
2025-03-05 12:54:42 - Hibernate is in classpath; If applicable, HQL parser will be used.
2025-03-05 12:54:43 - Global AuthenticationManager configured with UserDetailsService bean with name userDetailService
2025-03-05 12:54:44 - spring.jpa.open-in-view is enabled by default. Therefore, database queries may be performed during view rendering. Explicitly configure spring.jpa.open-in-view to disable this warning
2025-03-05 12:54:46 - LiveReload server is running on port 35729
2025-03-05 12:54:46 - Starting ProtocolHandler ["http-nio-8282"]
2025-03-05 12:54:46 - Tomcat started on port 8282 (http) with context path '/'
2025-03-05 12:54:46 - Started tms in 20.766 seconds (process running for 22.369)
2025-03-05 14:19:57 - HikariPool-1 - Thread starvation or clock leap detected (housekeeper delta=55m19s250ms139µs500ns).
