2025-03-04 11:48:13 - HV000001: Hibernate Validator 8.0.1.Final
2025-03-04 11:48:14 - Starting tms using Java 21.0.1 with PID 7444 (C:\Anant\skbit projects\tms\target\classes started by anant in C:\Anant\skbit projects\tms)
2025-03-04 11:48:14 - The following 1 profile is active: "dev"
2025-03-04 11:48:14 - Devtools property defaults active! Set 'spring.devtools.add-properties' to 'false' to disable
2025-03-04 11:48:14 - For additional web related logging consider setting the 'logging.level.web' property to 'DEBUG'
2025-03-04 11:48:18 - Bootstrapping Spring Data JPA repositories in DEFAULT mode.
2025-03-04 11:48:19 - Finished Spring Data repository scanning in 273 ms. Found 22 JPA repository interfaces.
2025-03-04 11:48:20 - Tomcat initialized with port 8282 (http)
2025-03-04 11:48:20 - Initializing ProtocolHandler ["http-nio-8282"]
2025-03-04 11:48:20 - Starting service [Tomcat]
2025-03-04 11:48:20 - Starting Servlet engine: [Apache Tomcat/10.1.26]
2025-03-04 11:48:20 - Initializing Spring embedded WebApplicationContext
2025-03-04 11:48:20 - Root WebApplicationContext: initialization completed in 6755 ms
2025-03-04 11:48:21 - HHH000204: Processing PersistenceUnitInfo [name: default]
2025-03-04 11:48:21 - HHH000412: Hibernate ORM core version 6.5.2.Final
2025-03-04 11:48:21 - HHH000026: Second-level cache disabled
2025-03-04 11:48:22 - No LoadTimeWeaver setup: ignoring JPA class transformer
2025-03-04 11:48:22 - HikariPool-1 - Starting...
2025-03-04 11:48:23 - HikariPool-1 - Added connection com.mysql.cj.jdbc.ConnectionImpl@5cd9497b
2025-03-04 11:48:23 - HikariPool-1 - Start completed.
2025-03-04 11:48:23 - HHH90000025: MySQLDialect does not need to be specified explicitly using 'hibernate.dialect' (remove the property setting and it will be selected by default)
2025-03-04 11:48:26 - HHH000489: No JTA platform available (set 'hibernate.transaction.jta.platform' to enable JTA platform integration)
2025-03-04 11:48:26 - Initialized JPA EntityManagerFactory for persistence unit 'default'
2025-03-04 11:48:27 - Hibernate is in classpath; If applicable, HQL parser will be used.
2025-03-04 11:48:28 - Global AuthenticationManager configured with UserDetailsService bean with name userDetailService
2025-03-04 11:48:29 - spring.jpa.open-in-view is enabled by default. Therefore, database queries may be performed during view rendering. Explicitly configure spring.jpa.open-in-view to disable this warning
2025-03-04 11:48:30 - LiveReload server is running on port 35729
2025-03-04 11:48:30 - Starting ProtocolHandler ["http-nio-8282"]
2025-03-04 11:48:30 - Tomcat started on port 8282 (http) with context path '/'
2025-03-04 11:48:30 - Started tms in 17.949 seconds (process running for 19.231)
2025-03-04 12:09:01 - Initializing Spring DispatcherServlet 'dispatcherServlet'
2025-03-04 12:09:01 - Initializing Servlet 'dispatcherServlet'
2025-03-04 12:09:01 - Completed initialization in 3 ms
2025-03-04 12:09:02 - Invalid Header Value !! 
2025-03-04 12:09:02 - Login user: JwtRequest(name=transport@smexpresslogistics.com, password=Transport@123)
2025-03-04 12:35:19 - Invalid Header Value !! 
2025-03-04 12:35:19 - Login user: JwtRequest(name=anantvarshney5@gmail.com, password=Anant@123)
2025-03-04 12:35:33 - Invalid Header Value !! 
2025-03-04 12:35:33 - Login user: JwtRequest(name=transport@smexpresslogistics.com, password=Transport@123)
2025-03-04 13:03:40 - Invalid Header Value !! 
2025-03-04 13:03:40 - Login user: JwtRequest(name=transport@smexpresslogistics.com, password=Transport@123)
