2025-02-13 15:36:24 - HV000001: Hibernate Validator 8.0.1.Final
2025-02-13 15:36:25 - Starting tms using Java 21.0.1 with PID 6336 (C:\Anant\skbit projects\tms\target\classes started by anant in C:\Anant\skbit projects\tms)
2025-02-13 15:36:25 - The following 1 profile is active: "dev"
2025-02-13 15:36:25 - Devtools property defaults active! Set 'spring.devtools.add-properties' to 'false' to disable
2025-02-13 15:36:25 - For additional web related logging consider setting the 'logging.level.web' property to 'DEBUG'
2025-02-13 15:36:26 - Bootstrapping Spring Data JPA repositories in DEFAULT mode.
2025-02-13 15:36:26 - Finished Spring Data repository scanning in 140 ms. Found 22 JPA repository interfaces.
2025-02-13 15:36:27 - Tomcat initialized with port 8282 (http)
2025-02-13 15:36:27 - Initializing ProtocolHandler ["http-nio-8282"]
2025-02-13 15:36:27 - Starting service [Tomcat]
2025-02-13 15:36:27 - Starting Servlet engine: [Apache Tomcat/10.1.26]
2025-02-13 15:36:27 - Initializing Spring embedded WebApplicationContext
2025-02-13 15:36:27 - Root WebApplicationContext: initialization completed in 2541 ms
2025-02-13 15:36:27 - HHH000204: Processing PersistenceUnitInfo [name: default]
2025-02-13 15:36:27 - HHH000412: Hibernate ORM core version 6.5.2.Final
2025-02-13 15:36:27 - HHH000026: Second-level cache disabled
2025-02-13 15:36:28 - No LoadTimeWeaver setup: ignoring JPA class transformer
2025-02-13 15:36:28 - HikariPool-1 - Starting...
2025-02-13 15:36:28 - HikariPool-1 - Added connection com.mysql.cj.jdbc.ConnectionImpl@1bca3cd2
2025-02-13 15:36:28 - HikariPool-1 - Start completed.
2025-02-13 15:36:28 - HHH90000025: MySQLDialect does not need to be specified explicitly using 'hibernate.dialect' (remove the property setting and it will be selected by default)
2025-02-13 15:36:30 - HHH000489: No JTA platform available (set 'hibernate.transaction.jta.platform' to enable JTA platform integration)
2025-02-13 15:36:30 - Initialized JPA EntityManagerFactory for persistence unit 'default'
2025-02-13 15:36:31 - Hibernate is in classpath; If applicable, HQL parser will be used.
2025-02-13 15:36:31 - Global AuthenticationManager configured with UserDetailsService bean with name userDetailService
2025-02-13 15:36:32 - spring.jpa.open-in-view is enabled by default. Therefore, database queries may be performed during view rendering. Explicitly configure spring.jpa.open-in-view to disable this warning
2025-02-13 15:36:33 - LiveReload server is running on port 35729
2025-02-13 15:36:33 - Starting ProtocolHandler ["http-nio-8282"]
2025-02-13 15:36:33 - Tomcat started on port 8282 (http) with context path '/'
2025-02-13 15:36:33 - Started tms in 8.873 seconds (process running for 17.464)
