2025-03-07 14:36:05 - HV000001: Hibernate Validator 8.0.1.Final
2025-03-07 14:36:05 - Starting tms using Java 21.0.1 with PID 3840 (C:\Anant\skbit projects\tms\target\classes started by anant in C:\Anant\skbit projects\tms)
2025-03-07 14:36:05 - The following 1 profile is active: "dev"
2025-03-07 14:36:05 - Devtools property defaults active! Set 'spring.devtools.add-properties' to 'false' to disable
2025-03-07 14:36:05 - For additional web related logging consider setting the 'logging.level.web' property to 'DEBUG'
2025-03-07 14:36:10 - Bootstrapping Spring Data JPA repositories in DEFAULT mode.
2025-03-07 14:36:10 - Finished Spring Data repository scanning in 260 ms. Found 22 JPA repository interfaces.
2025-03-07 14:36:12 - Tomcat initialized with port 8282 (http)
2025-03-07 14:36:12 - Initializing ProtocolHandler ["http-nio-8282"]
2025-03-07 14:36:12 - Starting service [Tomcat]
2025-03-07 14:36:12 - Starting Servlet engine: [Apache Tomcat/10.1.26]
2025-03-07 14:36:12 - Initializing Spring embedded WebApplicationContext
2025-03-07 14:36:12 - Root WebApplicationContext: initialization completed in 6941 ms
2025-03-07 14:36:12 - HHH000204: Processing PersistenceUnitInfo [name: default]
2025-03-07 14:36:12 - HHH000412: Hibernate ORM core version 6.5.2.Final
2025-03-07 14:36:12 - HHH000026: Second-level cache disabled
2025-03-07 14:36:13 - No LoadTimeWeaver setup: ignoring JPA class transformer
2025-03-07 14:36:13 - HikariPool-1 - Starting...
2025-03-07 14:36:14 - HikariPool-1 - Added connection com.mysql.cj.jdbc.ConnectionImpl@6338e57
2025-03-07 14:36:14 - HikariPool-1 - Start completed.
2025-03-07 14:36:14 - HHH90000025: MySQLDialect does not need to be specified explicitly using 'hibernate.dialect' (remove the property setting and it will be selected by default)
2025-03-07 14:36:17 - HHH000489: No JTA platform available (set 'hibernate.transaction.jta.platform' to enable JTA platform integration)
2025-03-07 14:36:18 - Initialized JPA EntityManagerFactory for persistence unit 'default'
2025-03-07 14:36:18 - Hibernate is in classpath; If applicable, HQL parser will be used.
2025-03-07 14:36:20 - Global AuthenticationManager configured with UserDetailsService bean with name userDetailService
2025-03-07 14:36:21 - spring.jpa.open-in-view is enabled by default. Therefore, database queries may be performed during view rendering. Explicitly configure spring.jpa.open-in-view to disable this warning
2025-03-07 14:36:22 - Unable to start LiveReload server
2025-03-07 14:36:22 - Starting ProtocolHandler ["http-nio-8282"]
2025-03-07 14:36:22 - Tomcat started on port 8282 (http) with context path '/'
2025-03-07 14:36:22 - Started tms in 18.421 seconds (process running for 19.776)
2025-03-07 14:49:35 - Initializing Spring DispatcherServlet 'dispatcherServlet'
2025-03-07 14:49:35 - Initializing Servlet 'dispatcherServlet'
2025-03-07 14:49:35 - Completed initialization in 37 ms
2025-03-07 14:49:35 - Invalid Header Value !! 
2025-03-07 14:49:35 - Login user: JwtRequest(name=transport@smexpresslogistics.com, password=Transport@123)
2025-03-07 15:53:56 - HikariPool-1 - Thread starvation or clock leap detected (housekeeper delta=5m39s533ms352µs900ns).
2025-03-07 16:18:19 - Invalid Header Value !! 
2025-03-07 16:18:19 - Login user: JwtRequest(name=transport@smexpresslogistics.com, password=Transport@123)
2025-03-07 16:38:42 - Invalid Header Value !! 
2025-03-07 16:38:42 - Login user: JwtRequest(name=transport@smexpresslogistics.com, password=Transport@123)
2025-03-07 16:42:40 - HikariPool-1 - Thread starvation or clock leap detected (housekeeper delta=2m13s263ms615µs900ns).
2025-03-07 20:39:59 - HikariPool-1 - Thread starvation or clock leap detected (housekeeper delta=2h37m18s964ms128µs900ns).
